<?xml version="1.0" encoding="UTF-8"?>
<testsuite name="Registro login y compra" tests="1" skipped="0" failures="0" errors="0" timestamp="2023-06-27T10:07:24" hostname="DESKTOP-1MH7BUO" time="291.813">
  <properties/>
  <testcase name="registro login y carrito" classname="Registro login y compra" time="291.813"/>
  <system-out><![CDATA[]]></system-out>
  <system-err><![CDATA[[Test worker] INFO io.cucumber.core.plugin.SerenityReporter - Running feature from file:///C:/Users/Rasta/Desktop/Prueba%20Choucair/AutomatizacionMovilExito/src/test/resources/features/registroLoginCompra.feature
[Test worker] INFO  - 
  _____   ___   ___   _____     ___   _____     _     ___   _____   ___   ___  
 |_   _| | __| / __| |_   _|   / __| |_   _|   /_\   | _ \ |_   _| | __| |   \ 
   | |   | _|  \__ \   | |     \__ \   | |    / _ \  |   /   | |   | _|  | |) |
   |_|   |___| |___/   |_|     |___/   |_|   /_/ \_\ |_|_\   |_|   |___| |___/ 

registro login y carrito(registro-login-y-compra;registro-login-y-carrito)
--------------------------------------------------------------------------------
[Test worker] INFO net.thucydides.core.model.TestOutcome - SetUserStory Registro login y compra
[Test worker] INFO net.thucydides.core.model.TestOutcome - SetUserStory Registro login y compra
jun. 27, 2023 5:07:25 A. M. com.choucair.stepdefinitions.RegistroLoginCarritoStepDefinition queEstoyEnLaAppDelExito
INFORMACIÓN: Se inicia la automatizacion
jun. 27, 2023 5:07:54 A. M. io.appium.java_client.remote.AppiumCommandExecutor$1 lambda$0
INFORMACIÓN: Detected dialect: OSS
jun. 27, 2023 5:08:05 A. M. com.choucair.stepdefinitions.RegistroLoginCarritoStepDefinition registroUnaCuentaCon
INFORMACIÓN: Se inicia el registro
jun. 27, 2023 5:09:40 A. M. com.choucair.stepdefinitions.RegistroLoginCarritoStepDefinition registroUnaCuentaCon
INFORMACIÓN: Registro exitoso
jun. 27, 2023 5:09:40 A. M. com.choucair.stepdefinitions.RegistroLoginCarritoStepDefinition inicioSesionConLaCuentaRecienRegistrada
INFORMACIÓN: Inicio de sesion
jun. 27, 2023 5:10:05 A. M. com.choucair.stepdefinitions.RegistroLoginCarritoStepDefinition inicioSesionConLaCuentaRecienRegistrada
INFORMACIÓN: Fin inicio de sesion
jun. 27, 2023 5:12:09 A. M. com.choucair.stepdefinitions.RegistroLoginCarritoStepDefinition agregoUnProductoAlCarrito
INFORMACIÓN: Se agrega el producto
jun. 27, 2023 5:12:09 A. M. com.choucair.stepdefinitions.RegistroLoginCarritoStepDefinition puedoObservarElProductoEnElCarrito
INFORMACIÓN: Inicio de los asserts
jun. 27, 2023 5:12:15 A. M. com.choucair.stepdefinitions.RegistroLoginCarritoStepDefinition puedoObservarElProductoEnElCarrito
INFORMACIÓN: Fin de la automatizacion
[Test worker] INFO  - 
  _____   ___   ___   _____     ___     _     ___   ___   ___   ___  
 |_   _| | __| / __| |_   _|   | _ \   /_\   / __| / __| | __| |   \ 
   | |   | _|  \__ \   | |     |  _/  / _ \  \__ \ \__ \ | _|  | |) |
   |_|   |___| |___/   |_|     |_|   /_/ \_\ |___/ |___/ |___| |___/ 

registro login y carrito
----------------------------------------------------------------------
]]></system-err>
</testsuite>
