<?xml version="1.0" encoding="UTF-8"?>
<testsuite name="Registro login y compra" tests="1" skipped="0" failures="0" errors="0" timestamp="2023-06-25T17:41:05" hostname="DESKTOP-1MH7BUO" time="312.959">
  <properties/>
  <testcase name="registro login y carrito" classname="Registro login y compra" time="312.959"/>
  <system-out><![CDATA[]]></system-out>
  <system-err><![CDATA[[Test worker] INFO io.cucumber.core.plugin.SerenityReporter - Running feature from file:///C:/Users/Rasta/Desktop/Prueba%20Choucair/AutomatizacionMovilExito/src/test/resources/features/registroLoginCompra.feature
[Test worker] INFO  - 
  _____   ___   ___   _____     ___   _____     _     ___   _____   ___   ___  
 |_   _| | __| / __| |_   _|   / __| |_   _|   /_\   | _ \ |_   _| | __| |   \ 
   | |   | _|  \__ \   | |     \__ \   | |    / _ \  |   /   | |   | _|  | |) |
   |_|   |___| |___/   |_|     |___/   |_|   /_/ \_\ |_|_\   |_|   |___| |___/ 

registro login y carrito(registro-login-y-compra;registro-login-y-carrito)
--------------------------------------------------------------------------------
[Test worker] INFO net.thucydides.core.model.TestOutcome - SetUserStory Registro login y compra
[Test worker] INFO net.thucydides.core.model.TestOutcome - SetUserStory Registro login y compra
jun. 25, 2023 12:41:47 P. M. io.appium.java_client.remote.AppiumCommandExecutor$1 lambda$0
INFORMACIÃ“N: Detected dialect: OSS
[Test worker] INFO  - 
  _____   ___   ___   _____     ___     _     ___   ___   ___   ___  
 |_   _| | __| / __| |_   _|   | _ \   /_\   / __| / __| | __| |   \ 
   | |   | _|  \__ \   | |     |  _/  / _ \  \__ \ \__ \ | _|  | |) |
   |_|   |___| |___/   |_|     |_|   /_/ \_\ |___/ |___/ |___| |___/ 

registro login y carrito
----------------------------------------------------------------------
]]></system-err>
</testsuite>
