<?xml version="1.0" encoding="UTF-8"?>
<testsuite name="Crear un empleado" tests="1" skipped="0" failures="0" errors="0" timestamp="2023-06-27T10:15:38" hostname="DESKTOP-1MH7BUO" time="60.713">
  <properties/>
  <testcase name="Crear empleado" classname="Crear un empleado" time="60.713"/>
  <system-out><![CDATA[Request method:	POST
Request URI:	https://dummy.restapiexample.com/api/v1/create
Proxy:			<none>
Request params:	<none>
Query params:	<none>
Form params:	<none>
Path params:	<none>
Headers:		Accept=*/*
				Content-Type=application/json; charset=UTF-8
Cookies:		<none>
Multiparts:		<none>
Body:
{
    "salary": "123",
    "age": "23"
}
HTTP/1.1 200 OK
Date: Tue, 27 Jun 2023 10:16:38 GMT
Server: Apache
Cache-Control: no-cache, private
X-RateLimit-Limit: 60
X-RateLimit-Remaining: 58
Upgrade: h2,h2c
Connection: Upgrade
Cache-Control: max-age=21600
Expires: Tue, 27 Jun 2023 16:16:38 GMT
Vary: Accept-Encoding
Content-Encoding: gzip
host-header: c2hhcmVkLmJsdWVob3N0LmNvbQ==
X-Endurance-Cache-Level: 2
X-nginx-cache: WordPress
Content-Length: 113
Content-Type: application/json

{
    "status": "success",
    "data": {
        "salary": "123",
        "age": "23",
        "id": 5113
    },
    "message": "Successfully! Record has been added."
}
]]></system-out>
  <system-err><![CDATA[jun. 27, 2023 5:16:38 A. M. com.choucair.stepdefinitions.PostEmpleadoStepDefinition queEstoyApuntandoConUnEndpointALaApiPostDeEmpleadoDeRestApiExample
INFORMACIÓN: Inicio de la automatizacion
jun. 27, 2023 5:16:38 A. M. com.choucair.stepdefinitions.PostEmpleadoStepDefinition envioLaPeticionPostConLaInformacionDelEmpleadoSegunSu
INFORMACIÓN: Se selecciona el json que sera enviado para probar y se envia el recurso de la url
jun. 27, 2023 5:16:38 A. M. com.choucair.stepdefinitions.PostEmpleadoStepDefinition reciboElDeRespuesta
INFORMACIÓN: Inician los asserts
jun. 27, 2023 5:16:38 A. M. com.choucair.stepdefinitions.PostEmpleadoStepDefinition unDeConfirmacionJuntoConLaInformacionDelUsuarioCreado
INFORMACIÓN: Se revisa la respuesta de los codigos 200
jun. 27, 2023 5:16:38 A. M. com.choucair.stepdefinitions.PostEmpleadoStepDefinition unDeConfirmacionJuntoConLaInformacionDelUsuarioCreado
INFORMACIÓN: FIN DE LA AUTOMATIZACION
]]></system-err>
</testsuite>
