<?xml version="1.0" encoding="UTF-8"?>
<testsuite name="Eliminar un empleado" tests="1" skipped="0" failures="0" errors="0" timestamp="2023-06-27T10:16:38" hostname="DESKTOP-1MH7BUO" time="60.721">
  <properties/>
  <testcase name="Eliminar empleado" classname="Eliminar un empleado" time="60.721"/>
  <system-out><![CDATA[Request method:	DELETE
Request URI:	https://dummy.restapiexample.com/api/v1/delete/1
Proxy:			<none>
Request params:	<none>
Query params:	<none>
Form params:	<none>
Path params:	<none>
Headers:		Accept=*/*
				Content-Type=application/json; charset=UTF-8
Cookies:		<none>
Multiparts:		<none>
Body:			<none>
HTTP/1.1 200 OK
Date: Tue, 27 Jun 2023 10:17:39 GMT
Server: Apache
Cache-Control: no-cache, private
X-RateLimit-Limit: 60
X-RateLimit-Remaining: 58
Upgrade: h2,h2c
Connection: Upgrade
Cache-Control: max-age=21600
Expires: Tue, 27 Jun 2023 16:17:39 GMT
Vary: Accept-Encoding
Content-Encoding: gzip
host-header: c2hhcmVkLmJsdWVob3N0LmNvbQ==
X-Endurance-Cache-Level: 2
X-nginx-cache: WordPress
Content-Length: 90
Content-Type: application/json

{
    "status": "success",
    "data": "1",
    "message": "Successfully! Record has been deleted"
}
]]></system-out>
  <system-err><![CDATA[jun. 27, 2023 5:17:38 A. M. com.choucair.stepdefinitions.DelEmpleadoStepDefinition queEstoyApuntandoConUnEndpointALaApiDeleteDeEmpleadoDeRestApiExample
INFORMACIÓN: Inicio de la automatizacion
jun. 27, 2023 5:17:39 A. M. com.choucair.stepdefinitions.DelEmpleadoStepDefinition puedoObservarElDeRespuesta
INFORMACIÓN: Inician los asserts
]]></system-err>
</testsuite>
