<?xml version="1.0" encoding="UTF-8"?>
<testsuite name="Comprar varios productos" tests="3" skipped="0" failures="1" errors="0" timestamp="2023-06-27T09:31:53" hostname="DESKTOP-1MH7BUO" time="319.492">
  <properties/>
  <testcase name="compra de varios productos" classname="Comprar varios productos" time="97.373"/>
  <testcase name="compra de varios productos" classname="Comprar varios productos" time="96.595">
    <failure message="java.lang.AssertionError: &#10;Expected: &lt;[ESCRITORIO TABACO INVAL ES11903, Escritorio Gamer Max Ancho: 150 cm Alto: 88 Profundidad: 52 Color: Wengue Neo, Escritorio Lisboa Arena FINLANDEK 5219T, Escritorio Lisboa Tabacochic FINLANDEK 5219T, Escritorio ¡Wow! Rovere Blanco]&gt;&#10;     but: was &lt;[ESCRITORIO TABACO INVAL ES11903, Escritorio Gamer Max, Escritorio Lisboa Arena FINLANDEK 5219T, Escritorio Lisboa Tabacochic FINLANDEK 5219T, Escritorio ¡Wow! Rovere Blanco]&gt;" type="java.lang.AssertionError">java.lang.AssertionError: 
Expected: &lt;[ESCRITORIO TABACO INVAL ES11903, Escritorio Gamer Max Ancho: 150 cm Alto: 88 Profundidad: 52 Color: Wengue Neo, Escritorio Lisboa Arena FINLANDEK 5219T, Escritorio Lisboa Tabacochic FINLANDEK 5219T, Escritorio ¡Wow! Rovere Blanco]&gt;
     but: was &lt;[ESCRITORIO TABACO INVAL ES11903, Escritorio Gamer Max, Escritorio Lisboa Arena FINLANDEK 5219T, Escritorio Lisboa Tabacochic FINLANDEK 5219T, Escritorio ¡Wow! Rovere Blanco]&gt;
	at net.serenitybdd.screenplay.ErrorTally.throwSummaryExceptionFrom(ErrorTally.java:36)
	at net.serenitybdd.screenplay.ErrorTally.reportAnyErrors(ErrorTally.java:30)
	at net.serenitybdd.screenplay.Actor.should(Actor.java:316)
	at com.choucair.stepdefinitions.CompraProductosStepDefinition.visualizoTodaLaInformacionDeLaCompra(CompraProductosStepDefinition.java:103)
	at ✽.visualiza toda la informacion de la compra(file:///C:/Users/Rasta/Desktop/Prueba%20Choucair/RetoTecnico/src/test/resources/features/compraExito.feature:11)
</failure>
  </testcase>
  <testcase name="compra de varios productos" classname="Comprar varios productos" time="125.524"/>
  <system-out><![CDATA[]]></system-out>
  <system-err><![CDATA[Starting ChromeDriver 114.0.5735.90 (386bc09e8f4f2e025eddae123f36f6263096ae49-refs/branch-heads/5735@{#1052}) on port 9400
Only local connections are allowed.
Please see https://chromedriver.chromium.org/security-considerations for suggestions on keeping ChromeDriver safe.
ChromeDriver was started successfully.
jun. 27, 2023 4:31:55 A. M. org.openqa.selenium.remote.ProtocolHandshake createSession
INFORMACIÓN: Detected dialect: W3C
jun. 27, 2023 4:31:55 A. M. org.openqa.selenium.remote.DesiredCapabilities chrome
INFORMACIÓN: Using `new ChromeOptions()` is preferred to `DesiredCapabilities.chrome()`
Starting ChromeDriver 114.0.5735.90 (386bc09e8f4f2e025eddae123f36f6263096ae49-refs/branch-heads/5735@{#1052}) on port 27826
Only local connections are allowed.
Please see https://chromedriver.chromium.org/security-considerations for suggestions on keeping ChromeDriver safe.
ChromeDriver was started successfully.
jun. 27, 2023 4:31:57 A. M. org.openqa.selenium.remote.ProtocolHandshake createSession
INFORMACIÓN: Detected dialect: W3C
jun. 27, 2023 4:31:57 A. M. com.choucair.stepdefinitions.CompraProductosStepDefinition queElUsuarioEstaEnLaPaginaDelExito
INFORMACIÓN: Inician la automatizacion
jun. 27, 2023 4:32:06 A. M. com.choucair.stepdefinitions.CompraProductosStepDefinition aniadeCincoProductosAlCarritoConSusRespectivasCantidades
INFORMACIÓN: Compra de productos
jun. 27, 2023 4:33:21 A. M. com.choucair.stepdefinitions.CompraProductosStepDefinition entroAlCarritoDeComprasYRegistroUn
INFORMACIÓN: Obtener datos carrito de compras
jun. 27, 2023 4:33:30 A. M. com.choucair.stepdefinitions.CompraProductosStepDefinition visualizoTodaLaInformacionDeLaCompra
INFORMACIÓN: Inician los asserts
Starting ChromeDriver 114.0.5735.90 (386bc09e8f4f2e025eddae123f36f6263096ae49-refs/branch-heads/5735@{#1052}) on port 43130
Only local connections are allowed.
Please see https://chromedriver.chromium.org/security-considerations for suggestions on keeping ChromeDriver safe.
ChromeDriver was started successfully.
jun. 27, 2023 4:33:31 A. M. org.openqa.selenium.remote.ProtocolHandshake createSession
INFORMACIÓN: Detected dialect: W3C
jun. 27, 2023 4:33:31 A. M. org.openqa.selenium.remote.DesiredCapabilities chrome
INFORMACIÓN: Using `new ChromeOptions()` is preferred to `DesiredCapabilities.chrome()`
Starting ChromeDriver 114.0.5735.90 (386bc09e8f4f2e025eddae123f36f6263096ae49-refs/branch-heads/5735@{#1052}) on port 38473
Only local connections are allowed.
Please see https://chromedriver.chromium.org/security-considerations for suggestions on keeping ChromeDriver safe.
ChromeDriver was started successfully.
jun. 27, 2023 4:33:32 A. M. org.openqa.selenium.remote.ProtocolHandshake createSession
INFORMACIÓN: Detected dialect: W3C
jun. 27, 2023 4:33:32 A. M. com.choucair.stepdefinitions.CompraProductosStepDefinition queElUsuarioEstaEnLaPaginaDelExito
INFORMACIÓN: Inician la automatizacion
jun. 27, 2023 4:33:39 A. M. com.choucair.stepdefinitions.CompraProductosStepDefinition aniadeCincoProductosAlCarritoConSusRespectivasCantidades
INFORMACIÓN: Compra de productos
jun. 27, 2023 4:34:58 A. M. com.choucair.stepdefinitions.CompraProductosStepDefinition entroAlCarritoDeComprasYRegistroUn
INFORMACIÓN: Obtener datos carrito de compras
jun. 27, 2023 4:35:06 A. M. com.choucair.stepdefinitions.CompraProductosStepDefinition visualizoTodaLaInformacionDeLaCompra
INFORMACIÓN: Inician los asserts
Starting ChromeDriver 114.0.5735.90 (386bc09e8f4f2e025eddae123f36f6263096ae49-refs/branch-heads/5735@{#1052}) on port 20892
Only local connections are allowed.
Please see https://chromedriver.chromium.org/security-considerations for suggestions on keeping ChromeDriver safe.
ChromeDriver was started successfully.
jun. 27, 2023 4:35:08 A. M. org.openqa.selenium.remote.ProtocolHandshake createSession
INFORMACIÓN: Detected dialect: W3C
jun. 27, 2023 4:35:08 A. M. org.openqa.selenium.remote.DesiredCapabilities chrome
INFORMACIÓN: Using `new ChromeOptions()` is preferred to `DesiredCapabilities.chrome()`
Starting ChromeDriver 114.0.5735.90 (386bc09e8f4f2e025eddae123f36f6263096ae49-refs/branch-heads/5735@{#1052}) on port 34779
Only local connections are allowed.
Please see https://chromedriver.chromium.org/security-considerations for suggestions on keeping ChromeDriver safe.
ChromeDriver was started successfully.
jun. 27, 2023 4:35:09 A. M. org.openqa.selenium.remote.ProtocolHandshake createSession
INFORMACIÓN: Detected dialect: W3C
jun. 27, 2023 4:35:09 A. M. com.choucair.stepdefinitions.CompraProductosStepDefinition queElUsuarioEstaEnLaPaginaDelExito
INFORMACIÓN: Inician la automatizacion
jun. 27, 2023 4:35:16 A. M. com.choucair.stepdefinitions.CompraProductosStepDefinition aniadeCincoProductosAlCarritoConSusRespectivasCantidades
INFORMACIÓN: Compra de productos
jun. 27, 2023 4:37:03 A. M. com.choucair.stepdefinitions.CompraProductosStepDefinition entroAlCarritoDeComprasYRegistroUn
INFORMACIÓN: Obtener datos carrito de compras
jun. 27, 2023 4:37:12 A. M. com.choucair.stepdefinitions.CompraProductosStepDefinition visualizoTodaLaInformacionDeLaCompra
INFORMACIÓN: Inician los asserts
]]></system-err>
</testsuite>
