<?xml version="1.0" encoding="UTF-8"?>
<testsuite name="Comprar varios productos" tests="3" skipped="0" failures="2" errors="0" timestamp="2023-06-27T00:09:25" hostname="DESKTOP-1MH7BUO" time="403.626">
  <properties/>
  <testcase name="compra de varios productos" classname="Comprar varios productos" time="148.181"/>
  <testcase name="compra de varios productos" classname="Comprar varios productos" time="141.724">
    <failure message="java.lang.AssertionError: &#10;Expected: &lt;[Escritorio Axis Wengue Marfil, Escritorio Connie, Blanco, Diseño Moderno Con Dos Entrepaños, Escritorio Gamer Max Ancho: 150 cm Alto: 88 Profundidad: 52 Color: Wengue Neo, Escritorio en madera Lannister Escritorio Lannister Ancho: 110 Cm Alto: 85 Cm Profundo: 48 Cm Color: Duna, Escritorio ¡Wow! Rovere Blanco]&gt;&#10;     but: was &lt;[Escritorio Axis Wengue Marfil, Escritorio Connie, Blanco, Diseño Moderno Con Dos Entrepaños, Escritorio Gamer Max, Escritorio en madera Lannister, Escritorio ¡Wow! Rovere Blanco]&gt;" type="java.lang.AssertionError">java.lang.AssertionError: 
Expected: &lt;[Escritorio Axis Wengue Marfil, Escritorio Connie, Blanco, Diseño Moderno Con Dos Entrepaños, Escritorio Gamer Max Ancho: 150 cm Alto: 88 Profundidad: 52 Color: Wengue Neo, Escritorio en madera Lannister Escritorio Lannister Ancho: 110 Cm Alto: 85 Cm Profundo: 48 Cm Color: Duna, Escritorio ¡Wow! Rovere Blanco]&gt;
     but: was &lt;[Escritorio Axis Wengue Marfil, Escritorio Connie, Blanco, Diseño Moderno Con Dos Entrepaños, Escritorio Gamer Max, Escritorio en madera Lannister, Escritorio ¡Wow! Rovere Blanco]&gt;
	at net.serenitybdd.screenplay.ErrorTally.throwSummaryExceptionFrom(ErrorTally.java:36)
	at net.serenitybdd.screenplay.ErrorTally.reportAnyErrors(ErrorTally.java:30)
	at net.serenitybdd.screenplay.Actor.should(Actor.java:316)
	at com.choucair.stepdefinitions.CompraProductosStepDefinition.visualizoTodaLaInformacionDeLaCompra(CompraProductosStepDefinition.java:98)
	at ✽.visualiza toda la informacion de la compra(file:///C:/Users/Rasta/Desktop/Prueba%20Choucair/RetoTecnico/src/test/resources/features/compraExito.feature:11)
</failure>
  </testcase>
  <testcase name="compra de varios productos" classname="Comprar varios productos" time="113.721">
    <failure message="java.lang.AssertionError: &#10;Expected: &lt;11387490&gt;&#10;     but: was &lt;11387489&gt;" type="java.lang.AssertionError">java.lang.AssertionError: 
Expected: &lt;11387490&gt;
     but: was &lt;11387489&gt;
	at net.serenitybdd.screenplay.ErrorTally.throwSummaryExceptionFrom(ErrorTally.java:36)
	at net.serenitybdd.screenplay.ErrorTally.reportAnyErrors(ErrorTally.java:30)
	at net.serenitybdd.screenplay.Actor.should(Actor.java:316)
	at com.choucair.stepdefinitions.CompraProductosStepDefinition.visualizoTodaLaInformacionDeLaCompra(CompraProductosStepDefinition.java:98)
	at ✽.visualiza toda la informacion de la compra(file:///C:/Users/Rasta/Desktop/Prueba%20Choucair/RetoTecnico/src/test/resources/features/compraExito.feature:11)
</failure>
  </testcase>
  <system-out><![CDATA[[Cabecero Doble Linea Vertical Dormipuff, Cabecero Industrial Caramelo Para Cama De 140 X 190, Cabecero Industrial Entrepaño Caramelo Para Cama 160 X 190, Cabecero Tapizado Base Cama Queen Rombos Plateado, Cabecero Entero Pegassi Cama Doble 140 X 120 Blanco]
[2, 8, 2, 8, 2]
[478000, 1784000, 1002000, 2639200, 699800]
6603000
[Escritorio en madera Lannister Escritorio Lannister Ancho: 110 Cm Alto: 85 Cm Profundo: 48 Cm Color: Duna, Escritorio Gamer Max Ancho: 150 cm Alto: 88 Profundidad: 52 Color: Wengue Neo, Escritorio Connie, Blanco, Diseño Moderno Con Dos Entrepaños, Escritorio ¡Wow! Rovere Blanco, Escritorio Axis Wengue Marfil]
[4, 6, 2, 5, 5]
[903600, 2345400, 419800, 1249500, 1749500]
6667800
[Colchón COMFORT Sencillo (100 x 190 cm) 4106010640001 Resortado Semifirme, Colchon+ Almohada SPRING Sencillo (100 x 190 cm) EXDREAM Resortado Semifirme, Colchon ROMANCE RELAX Sencillo (100 x 190 cm) COL SICILIA 100x190x24 Espumado Semisuave, Colchón ROMANCE RELAX Sencillo (90 x 190 cm) COL SICILIA 90x190x24 Espumado Semisuave, Colchón COMFORT Sencillo (100 x 190 cm) Colcspace Resortado Semifirme]
[2, 3, 7, 3, 5]
[1144710, 2189970, 3695965, 1439985, 2916860]
11387489
]]></system-out>
  <system-err><![CDATA[Starting ChromeDriver 114.0.5735.90 (386bc09e8f4f2e025eddae123f36f6263096ae49-refs/branch-heads/5735@{#1052}) on port 1620
Only local connections are allowed.
Please see https://chromedriver.chromium.org/security-considerations for suggestions on keeping ChromeDriver safe.
ChromeDriver was started successfully.
jun. 26, 2023 7:09:27 P. M. org.openqa.selenium.remote.ProtocolHandshake createSession
INFORMACIÓN: Detected dialect: W3C
jun. 26, 2023 7:09:27 P. M. org.openqa.selenium.remote.DesiredCapabilities chrome
INFORMACIÓN: Using `new ChromeOptions()` is preferred to `DesiredCapabilities.chrome()`
Starting ChromeDriver 114.0.5735.90 (386bc09e8f4f2e025eddae123f36f6263096ae49-refs/branch-heads/5735@{#1052}) on port 12422
Only local connections are allowed.
Please see https://chromedriver.chromium.org/security-considerations for suggestions on keeping ChromeDriver safe.
ChromeDriver was started successfully.
jun. 26, 2023 7:09:28 P. M. org.openqa.selenium.remote.ProtocolHandshake createSession
INFORMACIÓN: Detected dialect: W3C
Starting ChromeDriver 114.0.5735.90 (386bc09e8f4f2e025eddae123f36f6263096ae49-refs/branch-heads/5735@{#1052}) on port 45855
Only local connections are allowed.
Please see https://chromedriver.chromium.org/security-considerations for suggestions on keeping ChromeDriver safe.
ChromeDriver was started successfully.
jun. 26, 2023 7:11:54 P. M. org.openqa.selenium.remote.ProtocolHandshake createSession
INFORMACIÓN: Detected dialect: W3C
jun. 26, 2023 7:11:54 P. M. org.openqa.selenium.remote.DesiredCapabilities chrome
INFORMACIÓN: Using `new ChromeOptions()` is preferred to `DesiredCapabilities.chrome()`
Starting ChromeDriver 114.0.5735.90 (386bc09e8f4f2e025eddae123f36f6263096ae49-refs/branch-heads/5735@{#1052}) on port 18346
Only local connections are allowed.
Please see https://chromedriver.chromium.org/security-considerations for suggestions on keeping ChromeDriver safe.
ChromeDriver was started successfully.
jun. 26, 2023 7:11:55 P. M. org.openqa.selenium.remote.ProtocolHandshake createSession
INFORMACIÓN: Detected dialect: W3C
Starting ChromeDriver 114.0.5735.90 (386bc09e8f4f2e025eddae123f36f6263096ae49-refs/branch-heads/5735@{#1052}) on port 45123
Only local connections are allowed.
Please see https://chromedriver.chromium.org/security-considerations for suggestions on keeping ChromeDriver safe.
ChromeDriver was started successfully.
jun. 26, 2023 7:14:16 P. M. org.openqa.selenium.remote.ProtocolHandshake createSession
INFORMACIÓN: Detected dialect: W3C
jun. 26, 2023 7:14:16 P. M. org.openqa.selenium.remote.DesiredCapabilities chrome
INFORMACIÓN: Using `new ChromeOptions()` is preferred to `DesiredCapabilities.chrome()`
Starting ChromeDriver 114.0.5735.90 (386bc09e8f4f2e025eddae123f36f6263096ae49-refs/branch-heads/5735@{#1052}) on port 34212
Only local connections are allowed.
Please see https://chromedriver.chromium.org/security-considerations for suggestions on keeping ChromeDriver safe.
ChromeDriver was started successfully.
jun. 26, 2023 7:14:16 P. M. org.openqa.selenium.remote.ProtocolHandshake createSession
INFORMACIÓN: Detected dialect: W3C
]]></system-err>
</testsuite>
