<?xml version="1.0" encoding="UTF-8"?>
<testsuite name="com.choucair.runners.CompraProductosTest" tests="0" skipped="0" failures="0" errors="0" timestamp="1970-01-01T00:00:00" hostname="DESKTOP-1MH7BUO" time="0.0">
  <properties/>
  <system-out><![CDATA[
?[31mFailed scenarios:?[0m
?[31mfile:///C:/Users/Rasta/Desktop/Prueba%20Choucair/RetoTecnico/src/test/resources/features/compraExito.feature:15?[0m# compra de varios productos

2 Scenarios (?[31m1 failed?[0m, ?[32m1 passed?[0m)
10 Steps (?[31m1 failed?[0m, ?[32m9 passed?[0m)
1m53,167s


java.lang.AssertionError: 
Expected: <8357585>
     but: was <8357587>
	at net.serenitybdd.screenplay.ErrorTally.throwSummaryExceptionFrom(ErrorTally.java:36)
	at net.serenitybdd.screenplay.ErrorTally.reportAnyErrors(ErrorTally.java:30)
	at net.serenitybdd.screenplay.Actor.should(Actor.java:316)
	at com.choucair.stepdefinitions.CompraProductosStepDefinition.visualizoTodaLaInformacionDeLaCompra(CompraProductosStepDefinition.java:104)
	at ?.visualiza toda la informacion de la compra(file:///C:/Users/Rasta/Desktop/Prueba%20Choucair/RetoTecnico/src/test/resources/features/compraExito.feature:11)


]]></system-out>
  <system-err><![CDATA[SLF4J: No SLF4J providers were found.
SLF4J: Defaulting to no-operation (NOP) logger implementation
SLF4J: See https://www.slf4j.org/codes.html#noProviders for further details.
SLF4J: Class path contains SLF4J bindings targeting slf4j-api versions 1.7.x or earlier.
SLF4J: Ignoring binding found at [jar:file:/C:/Users/Rasta/.gradle/caches/modules-2/files-2.1/org.slf4j/slf4j-nop/1.7.28/e427e2f69d0a8508994e0a754a44d5212fa38b56/slf4j-nop-1.7.28.jar!/org/slf4j/impl/StaticLoggerBinder.class]
SLF4J: See https://www.slf4j.org/codes.html#ignoredBindings for an explanation.
]]></system-err>
</testsuite>
