<?xml version="1.0" encoding="UTF-8"?>
<testsuite name="Comprar varios productos" tests="3" skipped="0" failures="2" errors="0" timestamp="2023-06-26T06:26:26" hostname="DESKTOP-1MH7BUO" time="490.097">
  <properties/>
  <testcase name="compra de varios productos" classname="Comprar varios productos" time="160.612"/>
  <testcase name="compra de varios productos" classname="Comprar varios productos" time="154.188">
    <failure message="java.lang.AssertionError: &#10;Expected: &lt;5832498&gt;&#10;     but: was &lt;5832495&gt;" type="java.lang.AssertionError">java.lang.AssertionError: 
Expected: &lt;5832498&gt;
     but: was &lt;5832495&gt;
	at net.serenitybdd.screenplay.ErrorTally.throwSummaryExceptionFrom(ErrorTally.java:36)
	at net.serenitybdd.screenplay.ErrorTally.reportAnyErrors(ErrorTally.java:30)
	at net.serenitybdd.screenplay.Actor.should(Actor.java:316)
	at com.choucair.stepdefinitions.CompraProductosStepDefinition.visualizoTodaLaInformacionDeLaCompra(CompraProductosStepDefinition.java:105)
	at ✽.visualiza toda la informacion de la compra(file:///C:/Users/Rasta/Desktop/Prueba%20Choucair/RetoTecnico/src/test/resources/features/compraExito.feature:11)
</failure>
  </testcase>
  <testcase name="compra de varios productos" classname="Comprar varios productos" time="175.297">
    <failure message="java.lang.AssertionError: &#10;Expected: &lt;17626682&gt;&#10;     but: was &lt;17626683&gt;" type="java.lang.AssertionError">java.lang.AssertionError: 
Expected: &lt;17626682&gt;
     but: was &lt;17626683&gt;
	at net.serenitybdd.screenplay.ErrorTally.throwSummaryExceptionFrom(ErrorTally.java:36)
	at net.serenitybdd.screenplay.ErrorTally.reportAnyErrors(ErrorTally.java:30)
	at net.serenitybdd.screenplay.Actor.should(Actor.java:316)
	at com.choucair.stepdefinitions.CompraProductosStepDefinition.visualizoTodaLaInformacionDeLaCompra(CompraProductosStepDefinition.java:105)
	at ✽.visualiza toda la informacion de la compra(file:///C:/Users/Rasta/Desktop/Prueba%20Choucair/RetoTecnico/src/test/resources/features/compraExito.feature:11)
</failure>
  </testcase>
  <system-out><![CDATA[[1, 2, 5, 10, 15]
[4, 5, 8, 7, 2]
UA:1
UP:2
UA:2
UP:3
UA:3
UP:4
UA:1
UP:2
UA:2
UP:3
UA:3
UP:4
UA:4
UP:5
UA:1
UP:2
UA:2
UP:3
UA:3
UP:4
UA:4
UP:5
UA:5
UP:6
UA:6
UP:7
UA:7
UP:8
UA:1
UP:2
UA:2
UP:3
UA:3
UP:4
UA:4
UP:5
UA:5
UP:6
UA:6
UP:7
UA:1
UP:2
[4, 5, 8, 7, 2]
[Cabecero Para Cama Doble Dublin Gris, Cabecero Para Cama Doble Dublin Negro, Cabecero Tapizado Tela Base Cama Doble Rombos Marfil, Cabecero Tapizado Base Cama Queen Rombos Plateado, Cabecero Flotante Bogle Cama Doble 140 X 60 Negro]
[819600, 1024500, 2375200, 2309300, 599800]
7128400
[Cabecero Para Cama Doble Dublin Gris, Cabecero Para Cama Doble Dublin Negro, Cabecero Tapizado Tela Base Cama Doble Rombos Marfil, Cabecero Tapizado Base Cama Queen Rombos Plateado, Cabecero Flotante Bogle Cama Doble 140 X 60 Negro]
[4, 5, 8, 7, 2]
[819600, 1024500, 2375200, 2309300, 599800]
7128400
[Cabecero Flotante Bogle Cama Doble 140 X 60 Negro, Cabecero Para Cama Doble Dublin Gris, Cabecero Para Cama Doble Dublin Negro, Cabecero Tapizado Base Cama Queen Rombos Plateado, Cabecero Tapizado Tela Base Cama Doble Rombos Marfil]
[Cabecero Flotante Bogle Cama Doble 140 X 60 Negro, Cabecero Para Cama Doble Dublin Gris, Cabecero Para Cama Doble Dublin Negro, Cabecero Tapizado Base Cama Queen Rombos Plateado, Cabecero Tapizado Tela Base Cama Doble Rombos Marfil]
[2, 4, 5, 7, 8]
[2, 4, 5, 7, 8]
[599800, 819600, 1024500, 2309300, 2375200]
[599800, 819600, 1024500, 2309300, 2375200]
7128400
[3, 4, 6, 10, 14]
[3, 1, 8, 8, 3]
UA:1
UP:2
UA:2
UP:3
UA:1
UP:2
UA:2
UP:3
UA:3
UP:4
UA:4
UP:5
UA:5
UP:6
UA:6
UP:7
UA:7
UP:8
UA:1
UP:2
UA:2
UP:3
UA:3
UP:4
UA:4
UP:5
UA:5
UP:6
UA:6
UP:7
UA:7
UP:8
UA:1
UP:2
UA:2
UP:3
[3, 1, 8, 8, 3]
[Escritorio Lisboa Arena FINLANDEK 5219T, Escritorio Connie, Blanco, Diseño Moderno Con Dos Entrepaños, Escritorio Dublin (Coñac) RTA ELC 4866, Escritorio ¡Wow! Rovere Blanco, ESCRITORIO DUBLIN (DUNA) RTA ELD 4865]
[427986, 209900, 2323936, 1999200, 871476]
5832498
[Escritorio Lisboa Arena FINLANDEK 5219T, Escritorio Dublin (Coñac) RTA ELC 4866, ESCRITORIO DUBLIN (DUNA) RTA ELD 4865, Escritorio Connie, Blanco, Diseño Moderno Con Dos Entrepaños, Escritorio ¡Wow! Rovere Blanco]
[3, 8, 3, 1, 8]
[427986, 2323936, 871476, 209900, 1999200]
5832495
[ESCRITORIO DUBLIN (DUNA) RTA ELD 4865, Escritorio Connie, Blanco, Diseño Moderno Con Dos Entrepaños, Escritorio Dublin (Coñac) RTA ELC 4866, Escritorio Lisboa Arena FINLANDEK 5219T, Escritorio ¡Wow! Rovere Blanco]
[ESCRITORIO DUBLIN (DUNA) RTA ELD 4865, Escritorio Connie, Blanco, Diseño Moderno Con Dos Entrepaños, Escritorio Dublin (Coñac) RTA ELC 4866, Escritorio Lisboa Arena FINLANDEK 5219T, Escritorio ¡Wow! Rovere Blanco]
[1, 3, 3, 8, 8]
[1, 3, 3, 8, 8]
[209900, 427986, 871476, 1999200, 2323936]
[209900, 427986, 871476, 1999200, 2323936]
5832498
[2, 7, 8, 10, 12]
[6, 8, 8, 7, 3]
UA:1
UP:2
UA:2
UP:3
UA:3
UP:4
UA:4
UP:5
UA:5
UP:6
UA:1
UP:2
UA:2
UP:3
UA:3
UP:4
UA:4
UP:5
UA:5
UP:6
UA:6
UP:7
UA:7
UP:8
UA:1
UP:2
UA:2
UP:3
UA:3
UP:4
UA:4
UP:5
UA:5
UP:6
UA:6
UP:7
UA:7
UP:8
UA:1
UP:2
UA:2
UP:3
UA:3
UP:4
UA:4
UP:5
UA:5
UP:6
UA:6
UP:7
UA:1
UP:2
UA:2
UP:3
[6, 8, 8, 7, 3]
[Colchón SPRING Sencillo (100 x 190 cm) ORTX Resortado Semisuave, Combo Colchón FANTASIA Sencillo (100 x 190 cm) 5102400210001 Resortado Semifirme, Colchón FINLANDEK BASIC ESENCIAL Sencillo (100 x 190 cm) SINREF Espumado Semifirme, Colchon Nature Confort Sencillo 100 X 190 Prodescanso, Colchón SPRING Sencillo (100 x 190 cm) ORTX Resortado Semisuave]
[3299940, 6557544, 3419928, 2519300, 1829970]
17626682
[Colchón SPRING Sencillo (100 x 190 cm) ORTX Resortado Semisuave, Combo Colchón FANTASIA Sencillo (100 x 190 cm) 5102400210001 Resortado Semifirme, Colchón FINLANDEK BASIC ESENCIAL Sencillo (100 x 190 cm) SINREF Espumado Semifirme, Colchón SPRING Sencillo (100 x 190 cm) ORTX Resortado Semisuave, Colchon Nature Confort Sencillo 100 X 190 Prodescanso]
[6, 8, 8, 3, 7]
[3299940, 6557544, 3419928, 1829970, 2519300]
17626683
[Colchon Nature Confort Sencillo 100 X 190 Prodescanso, Colchón FINLANDEK BASIC ESENCIAL Sencillo (100 x 190 cm) SINREF Espumado Semifirme, Colchón SPRING Sencillo (100 x 190 cm) ORTX Resortado Semisuave, Colchón SPRING Sencillo (100 x 190 cm) ORTX Resortado Semisuave, Combo Colchón FANTASIA Sencillo (100 x 190 cm) 5102400210001 Resortado Semifirme]
[Colchon Nature Confort Sencillo 100 X 190 Prodescanso, Colchón FINLANDEK BASIC ESENCIAL Sencillo (100 x 190 cm) SINREF Espumado Semifirme, Colchón SPRING Sencillo (100 x 190 cm) ORTX Resortado Semisuave, Colchón SPRING Sencillo (100 x 190 cm) ORTX Resortado Semisuave, Combo Colchón FANTASIA Sencillo (100 x 190 cm) 5102400210001 Resortado Semifirme]
[3, 6, 7, 8, 8]
[3, 6, 7, 8, 8]
[1829970, 2519300, 3299940, 3419928, 6557544]
[1829970, 2519300, 3299940, 3419928, 6557544]
17626682
]]></system-out>
  <system-err><![CDATA[Starting ChromeDriver 114.0.5735.90 (386bc09e8f4f2e025eddae123f36f6263096ae49-refs/branch-heads/5735@{#1052}) on port 37178
Only local connections are allowed.
Please see https://chromedriver.chromium.org/security-considerations for suggestions on keeping ChromeDriver safe.
ChromeDriver was started successfully.
jun. 26, 2023 1:26:29 A. M. org.openqa.selenium.remote.ProtocolHandshake createSession
INFORMACIÓN: Detected dialect: W3C
jun. 26, 2023 1:26:29 A. M. org.openqa.selenium.remote.DesiredCapabilities chrome
INFORMACIÓN: Using `new ChromeOptions()` is preferred to `DesiredCapabilities.chrome()`
Starting ChromeDriver 114.0.5735.90 (386bc09e8f4f2e025eddae123f36f6263096ae49-refs/branch-heads/5735@{#1052}) on port 35327
Only local connections are allowed.
Please see https://chromedriver.chromium.org/security-considerations for suggestions on keeping ChromeDriver safe.
ChromeDriver was started successfully.
jun. 26, 2023 1:26:31 A. M. org.openqa.selenium.remote.ProtocolHandshake createSession
INFORMACIÓN: Detected dialect: W3C
Starting ChromeDriver 114.0.5735.90 (386bc09e8f4f2e025eddae123f36f6263096ae49-refs/branch-heads/5735@{#1052}) on port 11170
Only local connections are allowed.
Please see https://chromedriver.chromium.org/security-considerations for suggestions on keeping ChromeDriver safe.
ChromeDriver was started successfully.
jun. 26, 2023 1:29:08 A. M. org.openqa.selenium.remote.ProtocolHandshake createSession
INFORMACIÓN: Detected dialect: W3C
jun. 26, 2023 1:29:08 A. M. org.openqa.selenium.remote.DesiredCapabilities chrome
INFORMACIÓN: Using `new ChromeOptions()` is preferred to `DesiredCapabilities.chrome()`
Starting ChromeDriver 114.0.5735.90 (386bc09e8f4f2e025eddae123f36f6263096ae49-refs/branch-heads/5735@{#1052}) on port 29975
Only local connections are allowed.
Please see https://chromedriver.chromium.org/security-considerations for suggestions on keeping ChromeDriver safe.
ChromeDriver was started successfully.
jun. 26, 2023 1:29:08 A. M. org.openqa.selenium.remote.ProtocolHandshake createSession
INFORMACIÓN: Detected dialect: W3C
Starting ChromeDriver 114.0.5735.90 (386bc09e8f4f2e025eddae123f36f6263096ae49-refs/branch-heads/5735@{#1052}) on port 48884
Only local connections are allowed.
Please see https://chromedriver.chromium.org/security-considerations for suggestions on keeping ChromeDriver safe.
ChromeDriver was started successfully.
jun. 26, 2023 1:31:42 A. M. org.openqa.selenium.remote.ProtocolHandshake createSession
INFORMACIÓN: Detected dialect: W3C
jun. 26, 2023 1:31:42 A. M. org.openqa.selenium.remote.DesiredCapabilities chrome
INFORMACIÓN: Using `new ChromeOptions()` is preferred to `DesiredCapabilities.chrome()`
Starting ChromeDriver 114.0.5735.90 (386bc09e8f4f2e025eddae123f36f6263096ae49-refs/branch-heads/5735@{#1052}) on port 32983
Only local connections are allowed.
Please see https://chromedriver.chromium.org/security-considerations for suggestions on keeping ChromeDriver safe.
ChromeDriver was started successfully.
jun. 26, 2023 1:31:43 A. M. org.openqa.selenium.remote.ProtocolHandshake createSession
INFORMACIÓN: Detected dialect: W3C
]]></system-err>
</testsuite>
