<?xml version="1.0" encoding="UTF-8"?>
<testsuite name="Comprar varios productos" tests="1" skipped="0" failures="0" errors="0" timestamp="2023-06-23T15:13:55" hostname="DESKTOP-1MH7BUO" time="50.05">
  <properties/>
  <testcase name="compra de varios productos" classname="Comprar varios productos" time="50.05"/>
  <system-out><![CDATA[[1, 3, 4, 5, 7]
[3, 2, 3, 3, 2]
5
Colchón SPRING Sencillo (100 x 190 cm) Classic Resortado Semifirme
$ 509.990
Se aniade 0 de 3
Se aniade 1 de 3
Colchón EXITO Sencillo (100 x 190 cm) MP100 Espumado Suave
$ 314.991
Se aniade 0 de 2
Colchón SPRING Sencillo (100 x 190 cm) Classic Resortado Semifirme
Colchón EXITO Sencillo (100 x 190 cm) MP100 Espumado Suave
[Colchón SPRING Sencillo (100 x 190 cm) Classic Resortado Semifirme, Colchón EXITO Sencillo (100 x 190 cm) MP100 Espumado Suave]
]]></system-out>
  <system-err><![CDATA[Starting ChromeDriver 114.0.5735.90 (386bc09e8f4f2e025eddae123f36f6263096ae49-refs/branch-heads/5735@{#1052}) on port 23355
Only local connections are allowed.
Please see https://chromedriver.chromium.org/security-considerations for suggestions on keeping ChromeDriver safe.
ChromeDriver was started successfully.
jun. 23, 2023 10:13:56 A. M. org.openqa.selenium.remote.ProtocolHandshake createSession
INFORMACIÓN: Detected dialect: W3C
jun. 23, 2023 10:13:56 A. M. org.openqa.selenium.remote.DesiredCapabilities chrome
INFORMACIÓN: Using `new ChromeOptions()` is preferred to `DesiredCapabilities.chrome()`
Starting ChromeDriver 114.0.5735.90 (386bc09e8f4f2e025eddae123f36f6263096ae49-refs/branch-heads/5735@{#1052}) on port 20610
Only local connections are allowed.
Please see https://chromedriver.chromium.org/security-considerations for suggestions on keeping ChromeDriver safe.
ChromeDriver was started successfully.
jun. 23, 2023 10:13:58 A. M. org.openqa.selenium.remote.ProtocolHandshake createSession
INFORMACIÓN: Detected dialect: W3C
]]></system-err>
</testsuite>
