<?xml version="1.0" encoding="UTF-8"?>
<testsuite name="Comprar varios productos" tests="2" skipped="0" failures="1" errors="0" timestamp="2023-06-25T04:55:28" hostname="DESKTOP-1MH7BUO" time="112.916">
  <properties/>
  <testcase name="compra de varios productos" classname="Comprar varios productos" time="19.655"/>
  <testcase name="compra de varios productos" classname="Comprar varios productos" time="93.261">
    <failure message="java.lang.AssertionError: &#10;Expected: &lt;8357585&gt;&#10;     but: was &lt;8357587&gt;" type="java.lang.AssertionError">java.lang.AssertionError: 
Expected: &lt;8357585&gt;
     but: was &lt;8357587&gt;
	at net.serenitybdd.screenplay.ErrorTally.throwSummaryExceptionFrom(ErrorTally.java:36)
	at net.serenitybdd.screenplay.ErrorTally.reportAnyErrors(ErrorTally.java:30)
	at net.serenitybdd.screenplay.Actor.should(Actor.java:316)
	at com.choucair.stepdefinitions.CompraProductosStepDefinition.visualizoTodaLaInformacionDeLaCompra(CompraProductosStepDefinition.java:104)
	at ✽.visualiza toda la informacion de la compra(file:///C:/Users/Rasta/Desktop/Prueba%20Choucair/RetoTecnico/src/test/resources/features/compraExito.feature:11)
</failure>
  </testcase>
  <system-out><![CDATA[[16, 18, 5, 12, 14]
[6, 5, 2, 5, 4]
[]
[]
[2, 4, 5, 5, 6]
[]
[]
[]
0
[4, 6, 8, 9, 11]
[2, 4, 3, 2, 4]
UA:1
UP:2
UA:1
UP:2
UA:2
UP:3
UA:3
UP:4
UA:1
UP:2
UA:2
UP:3
UA:1
UP:2
UA:1
UP:2
UA:2
UP:3
UA:3
UP:4
[2, 4, 3, 2, 4]
[Colchón EXITO Sencillo (100 x 190 cm) MP100 Espumado Suave, Colchon ROMANCE RELAX Sencillo (100 x 190 cm) COL SICILIA 100x190x24 Espumado Semisuave, Combo Colchón FANTASIA Sencillo (100 x 190 cm) 5102400210001 Resortado Semifirme, Colchon Nature Confort Sencillo 100 X 190 Prodescanso, Colchón FANTASIA Sencillo (100 x 190 cm) 04151010010001 Resortado Semifirme]
[629982, 2111980, 2459079, 719800, 2436744]
8357585
[Colchón EXITO Sencillo (100 x 190 cm) MP100 Espumado Suave, Colchon ROMANCE RELAX Sencillo (100 x 190 cm) COL SICILIA 100x190x24 Espumado Semisuave, Combo Colchón FANTASIA Sencillo (100 x 190 cm) 5102400210001 Resortado Semifirme, Colchón FANTASIA Sencillo (100 x 190 cm) 04151010010001 Resortado Semifirme, Colchon Nature Confort Sencillo 100 X 190 Prodescanso]
[2, 4, 3, 4, 2]
[629982, 2111980, 2459079, 2436744, 719800]
8357587
[Colchon Nature Confort Sencillo 100 X 190 Prodescanso, Colchon ROMANCE RELAX Sencillo (100 x 190 cm) COL SICILIA 100x190x24 Espumado Semisuave, Colchón EXITO Sencillo (100 x 190 cm) MP100 Espumado Suave, Colchón FANTASIA Sencillo (100 x 190 cm) 04151010010001 Resortado Semifirme, Combo Colchón FANTASIA Sencillo (100 x 190 cm) 5102400210001 Resortado Semifirme]
[Colchon Nature Confort Sencillo 100 X 190 Prodescanso, Colchon ROMANCE RELAX Sencillo (100 x 190 cm) COL SICILIA 100x190x24 Espumado Semisuave, Colchón EXITO Sencillo (100 x 190 cm) MP100 Espumado Suave, Colchón FANTASIA Sencillo (100 x 190 cm) 04151010010001 Resortado Semifirme, Combo Colchón FANTASIA Sencillo (100 x 190 cm) 5102400210001 Resortado Semifirme]
[2, 2, 3, 4, 4]
[2, 2, 3, 4, 4]
[629982, 719800, 2111980, 2436744, 2459079]
[629982, 719800, 2111980, 2436744, 2459079]
8357585
]]></system-out>
  <system-err><![CDATA[Starting ChromeDriver 114.0.5735.90 (386bc09e8f4f2e025eddae123f36f6263096ae49-refs/branch-heads/5735@{#1052}) on port 9494
Only local connections are allowed.
Please see https://chromedriver.chromium.org/security-considerations for suggestions on keeping ChromeDriver safe.
ChromeDriver was started successfully.
jun. 24, 2023 11:55:30 P. M. org.openqa.selenium.remote.ProtocolHandshake createSession
INFORMACIÓN: Detected dialect: W3C
jun. 24, 2023 11:55:30 P. M. org.openqa.selenium.remote.DesiredCapabilities chrome
INFORMACIÓN: Using `new ChromeOptions()` is preferred to `DesiredCapabilities.chrome()`
Starting ChromeDriver 114.0.5735.90 (386bc09e8f4f2e025eddae123f36f6263096ae49-refs/branch-heads/5735@{#1052}) on port 36573
Only local connections are allowed.
Please see https://chromedriver.chromium.org/security-considerations for suggestions on keeping ChromeDriver safe.
ChromeDriver was started successfully.
jun. 24, 2023 11:55:31 P. M. org.openqa.selenium.remote.ProtocolHandshake createSession
INFORMACIÓN: Detected dialect: W3C
jun. 24, 2023 11:55:47 P. M. com.choucair.stepdefinitions.CompraProductosStepDefinition aniadeCincoProductosAlCarritoConSusRespectivasCantidades
ADVERTENCIA: no such element: Unable to locate element: {"method":"xpath","selector":"//body[1]/div[2]/div[1]/div[1]/div[1]/div[3]/div[1]/div[9]/section[1]/div[2]/div[1]/div[3]/div[1]/div[2]/div[1]/div[1]/div[5]/div[1]/div[1]/div[1]/div[16]/section[1]/a[1]/article[1]/div[2]/div[2]/div[1]/div[1]/div[1]/div[1]/div[1]/div[1]/div[1]/div[1]"}
  (Session info: chrome=114.0.5735.134)
For documentation on this error, please visit: https://www.seleniumhq.org/exceptions/no_such_element.html
Build info: version: '3.141.59', revision: 'e82be7d358', time: '2018-11-14T08:17:03'
System info: host: 'DESKTOP-1MH7BUO', ip: '172.22.176.1', os.name: 'Windows 10', os.arch: 'amd64', os.version: '10.0', java.version: '11.0.18'
Driver info: org.openqa.selenium.chrome.ChromeDriver
Capabilities {acceptInsecureCerts: false, browserName: chrome, browserVersion: 114.0.5735.134, chrome: {chromedriverVersion: 114.0.5735.90 (386bc09e8f4f..., userDataDir: C:\Users\Rasta\AppData\Loca...}, goog:chromeOptions: {debuggerAddress: localhost:49505}, javascriptEnabled: true, networkConnectionEnabled: false, pageLoadStrategy: normal, platform: WINDOWS, platformName: WINDOWS, proxy: Proxy(), setWindowRect: true, strictFileInteractability: false, timeouts: {implicit: 0, pageLoad: 300000, script: 30000}, unhandledPromptBehavior: ignore, webauthn:extension:credBlob: true, webauthn:extension:largeBlob: true, webauthn:extension:minPinLength: true, webauthn:extension:prf: true, webauthn:virtualAuthenticators: true}
Session ID: 3c2ff9061550f4ab593a1c8ac84c766b
*** Element info: {Using=xpath, value=//body[1]/div[2]/div[1]/div[1]/div[1]/div[3]/div[1]/div[9]/section[1]/div[2]/div[1]/div[3]/div[1]/div[2]/div[1]/div[1]/div[5]/div[1]/div[1]/div[1]/div[16]/section[1]/a[1]/article[1]/div[2]/div[2]/div[1]/div[1]/div[1]/div[1]/div[1]/div[1]/div[1]/div[1]}
Starting ChromeDriver 114.0.5735.90 (386bc09e8f4f2e025eddae123f36f6263096ae49-refs/branch-heads/5735@{#1052}) on port 20824
Only local connections are allowed.
Please see https://chromedriver.chromium.org/security-considerations for suggestions on keeping ChromeDriver safe.
ChromeDriver was started successfully.
jun. 24, 2023 11:55:48 P. M. org.openqa.selenium.remote.ProtocolHandshake createSession
INFORMACIÓN: Detected dialect: W3C
jun. 24, 2023 11:55:48 P. M. org.openqa.selenium.remote.DesiredCapabilities chrome
INFORMACIÓN: Using `new ChromeOptions()` is preferred to `DesiredCapabilities.chrome()`
Starting ChromeDriver 114.0.5735.90 (386bc09e8f4f2e025eddae123f36f6263096ae49-refs/branch-heads/5735@{#1052}) on port 15217
Only local connections are allowed.
Please see https://chromedriver.chromium.org/security-considerations for suggestions on keeping ChromeDriver safe.
ChromeDriver was started successfully.
jun. 24, 2023 11:55:49 P. M. org.openqa.selenium.remote.ProtocolHandshake createSession
INFORMACIÓN: Detected dialect: W3C
]]></system-err>
</testsuite>
