<?xml version="1.0" encoding="UTF-8"?>
<testsuite name="com.choucair.runners.CompraProductosTest" tests="0" skipped="0" failures="0" errors="0" timestamp="1970-01-01T00:00:00" hostname="DESKTOP-1MH7BUO" time="0.0">
  <properties/>
  <system-out><![CDATA[
?[31mFailed scenarios:?[0m
?[31mfile:///C:/Users/Rasta/Desktop/Prueba%20Choucair/RetoTecnico/src/test/resources/features/compraExito.feature:15?[0m# compra de varios productos
?[31mfile:///C:/Users/Rasta/Desktop/Prueba%20Choucair/RetoTecnico/src/test/resources/features/compraExito.feature:16?[0m# compra de varios productos

3 Scenarios (?[31m2 failed?[0m, ?[32m1 passed?[0m)
15 Steps (?[31m2 failed?[0m, ?[32m13 passed?[0m)
6m43,820s


java.lang.AssertionError: 
Expected: <[Escritorio Axis Wengue Marfil, Escritorio Connie, Blanco, Diseño Moderno Con Dos Entrepaños, Escritorio Gamer Max Ancho: 150 cm Alto: 88 Profundidad: 52 Color: Wengue Neo, Escritorio en madera Lannister Escritorio Lannister Ancho: 110 Cm Alto: 85 Cm Profundo: 48 Cm Color: Duna, Escritorio ¡Wow! Rovere Blanco]>
     but: was <[Escritorio Axis Wengue Marfil, Escritorio Connie, Blanco, Diseño Moderno Con Dos Entrepaños, Escritorio Gamer Max, Escritorio en madera Lannister, Escritorio ¡Wow! Rovere Blanco]>
	at net.serenitybdd.screenplay.ErrorTally.throwSummaryExceptionFrom(ErrorTally.java:36)
	at net.serenitybdd.screenplay.ErrorTally.reportAnyErrors(ErrorTally.java:30)
	at net.serenitybdd.screenplay.Actor.should(Actor.java:316)
	at com.choucair.stepdefinitions.CompraProductosStepDefinition.visualizoTodaLaInformacionDeLaCompra(CompraProductosStepDefinition.java:98)
	at ?.visualiza toda la informacion de la compra(file:///C:/Users/Rasta/Desktop/Prueba%20Choucair/RetoTecnico/src/test/resources/features/compraExito.feature:11)

java.lang.AssertionError: 
Expected: <11387490>
     but: was <11387489>
	at net.serenitybdd.screenplay.ErrorTally.throwSummaryExceptionFrom(ErrorTally.java:36)
	at net.serenitybdd.screenplay.ErrorTally.reportAnyErrors(ErrorTally.java:30)
	at net.serenitybdd.screenplay.Actor.should(Actor.java:316)
	at com.choucair.stepdefinitions.CompraProductosStepDefinition.visualizoTodaLaInformacionDeLaCompra(CompraProductosStepDefinition.java:98)
	at ?.visualiza toda la informacion de la compra(file:///C:/Users/Rasta/Desktop/Prueba%20Choucair/RetoTecnico/src/test/resources/features/compraExito.feature:11)


]]></system-out>
  <system-err><![CDATA[SLF4J: No SLF4J providers were found.
SLF4J: Defaulting to no-operation (NOP) logger implementation
SLF4J: See https://www.slf4j.org/codes.html#noProviders for further details.
]]></system-err>
</testsuite>
